<?xml version="1.0" encoding="UTF-8"?>
<!-- Generated by org.testng.reporters.JUnitReportReporter -->
<testsuite hostname="DESKTOP-KEC4UPH" failures="0" tests="2" name="testCases.OP_TC_32_Register_Patient_fromCreateConsultation" time="47.210" errors="0" timestamp="2022-11-13T15:33:59 EET" skipped="0">
  <testcase classname="testCases.OP_TC_32_Register_Patient_fromCreateConsultation" name="user_login_success" time="0.185"/>
  <system-out/>
  <testcase classname="testCases.OP_TC_32_Register_Patient_fromCreateConsultation" name="User_Register_patient" time="47.025"/>
  <system-out/>
</testsuite> <!-- testCases.OP_TC_32_Register_Patient_fromCreateConsultation -->
