<?xml version="1.0" encoding="UTF-8"?>
<!-- Generated by org.testng.reporters.JUnitReportReporter -->
<testsuite hostname="DESKTOP-41S85J5" failures="0" tests="1" name="testCases.OP_TC_158_Nurse_Preview_PainAss" time="35.350" errors="0" timestamp="2022-11-07T14:00:00 EET" skipped="0">
  <testcase classname="testCases.OP_TC_158_Nurse_Preview_PainAss" name="pain_assessment" time="35.350"/>
  <system-out/>
</testsuite> <!-- testCases.OP_TC_158_Nurse_Preview_PainAss -->
