<?xml version="1.0" encoding="UTF-8"?>
<!-- Generated by org.testng.reporters.JUnitReportReporter -->
<testsuite hostname="DESKTOP-KEC4UPH" failures="0" tests="1" name="TestCases.TC_OP001_login_valid" time="0.262" errors="0" timestamp="2022-11-02T14:35:03 EET" skipped="0">
  <testcase classname="TestCases.TC_OP001_login_valid" name="user_login_success" time="0.262"/>
  <system-out/>
</testsuite> <!-- TestCases.TC_OP001_login_valid -->
