<?xml version="1.0" encoding="UTF-8"?>
<!-- Generated by org.testng.reporters.JUnitReportReporter -->
<testsuite hostname="DESKTOP-41S85J5" failures="0" tests="1" name="testCases.OP_TC_236_Save_OPConsultationForm" time="44.186" errors="0" timestamp="2022-11-20T04:54:04 EET" skipped="0">
  <testcase classname="testCases.OP_TC_236_Save_OPConsultationForm" name="OPConsultationForm" time="44.186"/>
  <system-out/>
</testsuite> <!-- testCases.OP_TC_236_Save_OPConsultationForm -->
