<?xml version="1.0" encoding="UTF-8"?>
<!-- Generated by org.testng.reporters.JUnitReportReporter -->
<testsuite hostname="DESKTOP-41S85J5" failures="0" tests="1" name="testCases.OP_TC_779_Verify_OPConsultationForm" time="66.767" errors="0" timestamp="2022-11-27T00:55:22 EET" skipped="0">
  <testcase classname="testCases.OP_TC_779_Verify_OPConsultationForm" name="OPConsultationForm" time="66.767"/>
  <system-out/>
</testsuite> <!-- testCases.OP_TC_779_Verify_OPConsultationForm -->
