<?xml version="1.0" encoding="UTF-8"?>
<!-- Generated by org.testng.reporters.JUnitReportReporter -->
<testsuite hostname="DESKTOP-KEC4UPH" failures="0" tests="1" name="testCases.OP_TC_123_NUR_Filter_Patient_By_Type" time="7.644" errors="0" timestamp="2022-11-24T15:11:12 EET" skipped="0">
  <testcase classname="testCases.OP_TC_123_NUR_Filter_Patient_By_Type" name="search_for_patient" time="7.644"/>
  <system-out/>
</testsuite> <!-- testCases.OP_TC_123_NUR_Filter_Patient_By_Type -->
