<?xml version="1.0" encoding="UTF-8"?>
<!-- Generated by org.testng.reporters.JUnitReportReporter -->
<testsuite hostname="DESKTOP-KEC4UPH" failures="0" tests="2" name="TestCases.TC_OP002_Register_patient" time="0.288" errors="0" timestamp="2022-11-02T18:57:10 EET" skipped="1">
  <testcase classname="TestCases.TC_OP002_Register_patient" name="user_login_success" time="0.288"/>
  <system-out/>
  <testcase classname="TestCases.TC_OP002_Register_patient" name="User_Register_patient" time="0.000">
    <skipped/>
  </testcase> <!-- User_Register_patient -->
  <system-out/>
</testsuite> <!-- TestCases.TC_OP002_Register_patient -->
