<?xml version="1.0" encoding="UTF-8"?>
<!-- Generated by org.testng.reporters.JUnitReportReporter -->
<testsuite hostname="DESKTOP-KEC4UPH" failures="0" tests="2" name="testCases.OP_TC_93_CMO_Cancel_Unsettled_Visit_Bill2" time="37.448" errors="0" timestamp="2022-11-20T14:55:24 EET" skipped="0">
  <testcase classname="testCases.OP_TC_93_CMO_Cancel_Unsettled_Visit_Bill2" name="user_login_" time="0.210"/>
  <system-out/>
  <testcase classname="testCases.OP_TC_93_CMO_Cancel_Unsettled_Visit_Bill2" name="CMO_Cancel_Settled_Bill" time="37.238"/>
  <system-out/>
</testsuite> <!-- testCases.OP_TC_93_CMO_Cancel_Unsettled_Visit_Bill2 -->
