<?xml version="1.0" encoding="UTF-8"?>
<!-- Generated by org.testng.reporters.JUnitReportReporter -->
<testsuite hostname="DESKTOP-41S85J5" failures="0" tests="1" name="testCases.OP_TC_230_231_Submit_OPConsultationForm" time="72.170" errors="0" timestamp="2022-11-20T04:41:19 EET" skipped="0">
  <testcase classname="testCases.OP_TC_230_231_Submit_OPConsultationForm" name="OPConsultationForm" time="72.170"/>
  <system-out/>
</testsuite> <!-- testCases.OP_TC_230_231_Submit_OPConsultationForm -->
