<?xml version="1.0" encoding="UTF-8"?>
<!-- Generated by org.testng.reporters.JUnitReportReporter -->
<testsuite hostname="DESKTOP-41S85J5" failures="0" tests="1" name="testCases.OP_TC_103_CMO_ChangePassword" time="81.055" errors="0" timestamp="2022-11-27T01:40:02 EET" skipped="0">
  <testcase classname="testCases.OP_TC_103_CMO_ChangePassword" name="change_pass" time="81.055"/>
  <system-out/>
</testsuite> <!-- testCases.OP_TC_103_CMO_ChangePassword -->
