<?xml version="1.0" encoding="UTF-8"?>
<!-- Generated by org.testng.reporters.JUnitReportReporter -->
<testsuite hostname="DESKTOP-KEC4UPH" failures="0" tests="1" name="testCases.OP_TC_363_Physician_Submit_Student_CheckUp_Form" time="52.167" errors="0" timestamp="2022-11-24T03:27:09 EET" skipped="0">
  <testcase classname="testCases.OP_TC_363_Physician_Submit_Student_CheckUp_Form" name="physician_submits_student_checkup" time="52.167"/>
  <system-out/>
</testsuite> <!-- testCases.OP_TC_363_Physician_Submit_Student_CheckUp_Form -->
