<?xml version="1.0" encoding="UTF-8"?>
<!-- Generated by org.testng.reporters.JUnitReportReporter -->
<testsuite hostname="DESKTOP-KEC4UPH" failures="0" tests="2" name="testCases.OP_TC_827_CMO_Search_From_Clinical_Diary" time="10.961" errors="0" timestamp="2022-11-27T12:47:06 EET" skipped="0">
  <testcase classname="testCases.OP_TC_827_CMO_Search_From_Clinical_Diary" name="user_login_" time="0.370"/>
  <system-out/>
  <testcase classname="testCases.OP_TC_827_CMO_Search_From_Clinical_Diary" name="User_SearchFor_Clinic_From_Action_Menu" time="10.591"/>
  <system-out/>
</testsuite> <!-- testCases.OP_TC_827_CMO_Search_From_Clinical_Diary -->
