<?xml version="1.0" encoding="UTF-8"?>
<!-- Generated by org.testng.reporters.JUnitReportReporter -->
<testsuite hostname="DESKTOP-41S85J5" failures="0" tests="1" name="testCases.OP_TC_179_Physician_Login_Empty_Username" time="6.320" errors="0" timestamp="2022-11-29T11:14:39 EET" skipped="0">
  <testcase classname="testCases.OP_TC_179_Physician_Login_Empty_Username" name="physician_invalid_login" time="6.320"/>
  <system-out/>
</testsuite> <!-- testCases.OP_TC_179_Physician_Login_Empty_Username -->
