<?xml version="1.0" encoding="UTF-8"?>
<!-- Generated by org.testng.reporters.JUnitReportReporter -->
<testsuite hostname="DESKTOP-41S85J5" failures="0" tests="1" name="testCases.OP_TC_256_Physician_View_Medications" time="30.769" errors="0" timestamp="2022-11-27T01:45:45 EET" skipped="0">
  <testcase classname="testCases.OP_TC_256_Physician_View_Medications" name="view_medications" time="30.769"/>
  <system-out/>
</testsuite> <!-- testCases.OP_TC_256_Physician_View_Medications -->
