<?xml version="1.0" encoding="UTF-8"?>
<!-- Generated by org.testng.reporters.JUnitReportReporter -->
<testsuite hostname="DESKTOP-41S85J5" failures="0" tests="1" name="testCases.OP_TC_163_Nurse_View_Medications" time="18.390" errors="0" timestamp="2022-11-07T18:20:25 EET" skipped="0">
  <testcase classname="testCases.OP_TC_163_Nurse_View_Medications" name="view_medications" time="18.390"/>
  <system-out/>
</testsuite> <!-- testCases.OP_TC_163_Nurse_View_Medications -->
