<?xml version="1.0" encoding="UTF-8"?>
<!-- Generated by org.testng.reporters.JUnitReportReporter -->
<testsuite hostname="DESKTOP-R4CIO73" failures="0" tests="1" name="TestCases.IP_TC_714t" time="46.457" errors="0" timestamp="2022-01-18T14:00:21 EET" skipped="0">
  <testcase classname="TestCases.IP_TC_714t" name="navigate_to_Submit_Progress_Notes" time="46.457"/>
  <system-out/>
</testsuite> <!-- TestCases.IP_TC_714t -->
