<?xml version="1.0" encoding="UTF-8"?>
<!-- Generated by org.testng.reporters.JUnitReportReporter -->
<testsuite hostname="DESKTOP-R4CIO73" failures="0" tests="1" name="TestCases.IP_TC_141_149_153_156_172_187" time="20.895" errors="0" timestamp="2022-01-08T21:14:15 EET" skipped="0">
  <testcase classname="TestCases.IP_TC_141_149_153_156_172_187" name="navigate_to_Cancel_Admission" time="20.895"/>
  <system-out/>
</testsuite> <!-- TestCases.IP_TC_141_149_153_156_172_187 -->
