<?xml version="1.0" encoding="UTF-8"?>
<!-- Generated by org.testng.reporters.JUnitReportReporter -->
<testsuite hostname="DESKTOP-41S85J5" failures="0" tests="1" name="testCases.OP_TC_162_Nurse_View_Reports" time="13.280" errors="0" timestamp="2022-11-07T18:17:37 EET" skipped="0">
  <testcase classname="testCases.OP_TC_162_Nurse_View_Reports" name="view_reports" time="13.280"/>
  <system-out/>
</testsuite> <!-- testCases.OP_TC_162_Nurse_View_Reports -->
