<?xml version="1.0" encoding="UTF-8"?>
<!-- Generated by org.testng.reporters.JUnitReportReporter -->
<testsuite hostname="DESKTOP-R4CIO73" failures="0" tests="1" name="TestCases.IP_TC_615" time="19.250" errors="0" timestamp="2022-01-12T14:35:04 EET" skipped="0">
  <testcase classname="TestCases.IP_TC_615" name="navigate_to_Nurse_Check_Unblock_Bed_UI" time="19.250"/>
  <system-out/>
</testsuite> <!-- TestCases.IP_TC_615 -->
