<?xml version="1.0" encoding="UTF-8"?>
<!-- Generated by org.testng.reporters.JUnitReportReporter -->
<testsuite hostname="DESKTOP-41S85J5" failures="0" tests="1" name="testCases.TC_OP001_login_valid" time="0.530" errors="0" timestamp="2022-11-07T11:37:21 EET" skipped="0">
  <testcase classname="testCases.TC_OP001_login_valid" name="user_login_success" time="0.530"/>
  <system-out/>
</testsuite> <!-- testCases.TC_OP001_login_valid -->
