<?xml version="1.0" encoding="UTF-8"?>
<!-- Generated by org.testng.reporters.JUnitReportReporter -->
<testsuite hostname="DESKTOP-KEC4UPH" failures="0" tests="2" name="TestCases.OP_TC_03_Register_patient_BookAppoint" time="0.270" errors="0" timestamp="2022-11-03T13:03:05 EET" skipped="1">
  <testcase classname="TestCases.OP_TC_03_Register_patient_BookAppoint" name="user_login_success" time="0.270"/>
  <system-out/>
  <testcase classname="TestCases.OP_TC_03_Register_patient_BookAppoint" name="User_Register_patient" time="0.000">
    <skipped/>
  </testcase> <!-- User_Register_patient -->
  <system-out/>
</testsuite> <!-- TestCases.OP_TC_03_Register_patient_BookAppoint -->
