<?xml version="1.0" encoding="UTF-8"?>
<!-- Generated by org.testng.reporters.JUnitReportReporter -->
<testsuite hostname="DESKTOP-41S85J5" failures="0" tests="1" name="testCases.OP_TC_326_CMO_Search_by_FirstName" time="20.549" errors="0" timestamp="2022-11-27T02:30:15 EET" skipped="0">
  <testcase classname="testCases.OP_TC_326_CMO_Search_by_FirstName" name="search_for_patient" time="20.549"/>
  <system-out/>
</testsuite> <!-- testCases.OP_TC_326_CMO_Search_by_FirstName -->
