<?xml version="1.0" encoding="UTF-8"?>
<!-- Generated by org.testng.reporters.JUnitReportReporter -->
<testsuite hostname="DESKTOP-R4CIO73" failures="0" tests="1" name="TestCases.IP_TC_616" time="13.706" errors="0" timestamp="2022-01-12T14:35:37 EET" skipped="0">
  <testcase classname="TestCases.IP_TC_616" name="navigate_to_Nurse_Release_Blocked_Bed" time="13.706"/>
  <system-out/>
</testsuite> <!-- TestCases.IP_TC_616 -->
