<?xml version="1.0" encoding="UTF-8"?>
<!-- Generated by org.testng.reporters.JUnitReportReporter -->
<testsuite hostname="DESKTOP-41S85J5" failures="0" tests="1" name="testCases.OP_TC_120_NUR_Search_For_Patient" time="15.330" errors="0" timestamp="2022-11-20T02:30:55 EET" skipped="0">
  <testcase classname="testCases.OP_TC_120_NUR_Search_For_Patient" name="search_for_patient" time="15.330"/>
  <system-out/>
</testsuite> <!-- testCases.OP_TC_120_NUR_Search_For_Patient -->
