<?xml version="1.0" encoding="UTF-8"?>
<!-- Generated by org.testng.reporters.JUnitReportReporter -->
<testsuite hostname="DESKTOP-R4CIO73" failures="0" tests="4" name="TestCases.GroupL" time="374.213" errors="0" timestamp="2022-01-18T17:08:07 EET" skipped="0">
  <testcase classname="TestCases.GroupL" name="navigate_to_Place_Lab_Order" time="157.786"/>
  <system-out/>
  <testcase classname="TestCases.GroupL" name="navigate_to_Register_Lab_Order" time="40.258"/>
  <system-out/>
  <testcase classname="TestCases.GroupL" name="navigate_to_Place_Rad_Order" time="137.352"/>
  <system-out/>
  <testcase classname="TestCases.GroupL" name="navigate_to_Register_Rad_Order" time="38.817"/>
  <system-out/>
</testsuite> <!-- TestCases.GroupL -->
