<?xml version="1.0" encoding="UTF-8"?>
<!-- Generated by org.testng.reporters.JUnitReportReporter -->
<testsuite hostname="DESKTOP-R4CIO73" failures="0" tests="7" name="TestCases.GroupM" time="398.349" errors="0" timestamp="2022-01-19T00:13:14 EET" skipped="0">
  <testcase classname="TestCases.GroupM" name="navigate_to_Prescribe_Medications" time="136.782"/>
  <system-out/>
  <testcase classname="TestCases.GroupM" name="navigate_to_Verification" time="42.620"/>
  <system-out/>
  <testcase classname="TestCases.GroupM" name="navigate_to_Stock_Availability_of_medications" time="37.002"/>
  <system-out/>
  <testcase classname="TestCases.GroupM" name="navigate_to_Fill" time="51.124"/>
  <system-out/>
  <testcase classname="TestCases.GroupM" name="navigate_to_Deliver" time="50.089"/>
  <system-out/>
  <testcase classname="TestCases.GroupM" name="navigate_to_Accept_Return_Medication" time="43.737"/>
  <system-out/>
  <testcase classname="TestCases.GroupM" name="navigate_to_Reject_Return_Medication" time="36.995"/>
  <system-out/>
</testsuite> <!-- TestCases.GroupM -->
