<?xml version="1.0" encoding="UTF-8"?>
<!-- Generated by org.testng.reporters.JUnitReportReporter -->
<testsuite hostname="DESKTOP-R4CIO73" failures="0" tests="1" name="TestCases.IP_TC_140_053_055_056_059_071_073_074" time="19.015" errors="0" timestamp="2021-12-31T01:50:03 EET" skipped="0">
  <testcase classname="TestCases.IP_TC_140_053_055_056_059_071_073_074" name="navigate_to_login" time="19.015"/>
  <system-out/>
</testsuite> <!-- TestCases.IP_TC_140_053_055_056_059_071_073_074 -->
