<?xml version="1.0" encoding="UTF-8"?>
<!-- Generated by org.testng.reporters.JUnitReportReporter -->
<testsuite hostname="DESKTOP-KEC4UPH" failures="0" tests="1" name="testCases.OP_TC_368_Physician_Submit_Dental_Consultaion_Form" time="56.825" errors="0" timestamp="2022-11-24T04:00:21 EET" skipped="0">
  <testcase classname="testCases.OP_TC_368_Physician_Submit_Dental_Consultaion_Form" name="physician_submits_student_checkup" time="56.825"/>
  <system-out/>
</testsuite> <!-- testCases.OP_TC_368_Physician_Submit_Dental_Consultaion_Form -->
