<?xml version="1.0" encoding="UTF-8"?>
<!-- Generated by org.testng.reporters.JUnitReportReporter -->
<testsuite hostname="DESKTOP-R4CIO73" failures="0" tests="1" name="TestCases.GroupA_01" time="42.188" errors="0" timestamp="2022-01-28T20:53:52 EET" skipped="0">
  <testcase classname="TestCases.GroupA_01" name="navigate_to_Nurse_Receive_Patient_from_another_Nursing_Unit" time="42.188"/>
  <system-out/>
</testsuite> <!-- TestCases.GroupA_01 -->
