<?xml version="1.0" encoding="UTF-8"?>
<!-- Generated by org.testng.reporters.JUnitReportReporter -->
<testsuite hostname="DESKTOP-KEC4UPH" failures="0" tests="1" name="TestCases.OP_TC_01_Login" time="0.446" errors="0" timestamp="2022-11-03T15:23:37 EET" skipped="0">
  <testcase classname="TestCases.OP_TC_01_Login" name="user_login_success" time="0.446"/>
  <system-out/>
</testsuite> <!-- TestCases.OP_TC_01_Login -->
