<?xml version="1.0" encoding="UTF-8"?>
<!-- Generated by org.testng.reporters.JUnitReportReporter -->
<testsuite hostname="DESKTOP-41S85J5" failures="0" tests="1" name="testCases.OP_TC_330_CMO_Search_by_Mobile" time="20.722" errors="0" timestamp="2022-11-27T03:50:49 EET" skipped="0">
  <testcase classname="testCases.OP_TC_330_CMO_Search_by_Mobile" name="search_for_patient" time="20.722"/>
  <system-out/>
</testsuite> <!-- testCases.OP_TC_330_CMO_Search_by_Mobile -->
