<?xml version="1.0" encoding="UTF-8"?>
<!-- Generated by org.testng.reporters.JUnitReportReporter -->
<testsuite hostname="DESKTOP-R4CIO73" failures="0" tests="1" name="TestCases.CrossBrowserTest" time="1.107" errors="0" timestamp="2021-11-23T17:26:52 EET" skipped="0">
  <testcase classname="TestCases.CrossBrowserTest" name="test_Selenium4_ToDoApp" time="1.107"/>
  <system-out/>
</testsuite> <!-- TestCases.CrossBrowserTest -->
