<?xml version="1.0" encoding="UTF-8"?>
<!-- Generated by org.testng.reporters.JUnitReportReporter -->
<testsuite hostname="DESKTOP-R4CIO73" failures="0" tests="1" name="TestCases.PCY_Dispense_Medication_Verification_setup" time="36.913" errors="0" timestamp="2022-01-02T23:36:46 EET" skipped="0">
  <testcase classname="TestCases.PCY_Dispense_Medication_Verification_setup" name="navigate_to_login" time="36.913"/>
  <system-out/>
</testsuite> <!-- TestCases.PCY_Dispense_Medication_Verification_setup -->
