<?xml version="1.0" encoding="UTF-8"?>
<!-- Generated by org.testng.reporters.JUnitReportReporter -->
<testsuite hostname="DESKTOP-R4CIO73" failures="0" tests="1" name="TestCases.IP_TC_605" time="25.209" errors="0" timestamp="2022-01-12T14:19:43 EET" skipped="0">
  <testcase classname="TestCases.IP_TC_605" name="navigate_to_Nurse_Check_Block_Bed_UI" time="25.209"/>
  <system-out/>
</testsuite> <!-- TestCases.IP_TC_605 -->
