<?xml version="1.0" encoding="UTF-8"?>
<!-- Generated by org.testng.reporters.JUnitReportReporter -->
<testsuite hostname="DESKTOP-KEC4UPH" failures="0" tests="1" name="testCases.OP_TC_120_NUR_Search_For_Patient" time="10.542" errors="0" timestamp="2022-11-24T14:25:21 EET" skipped="0">
  <testcase classname="testCases.OP_TC_120_NUR_Search_For_Patient" name="search_for_patient" time="10.542"/>
  <system-out/>
</testsuite> <!-- testCases.OP_TC_120_NUR_Search_For_Patient -->
