<?xml version="1.0" encoding="UTF-8"?>
<!-- Generated by org.testng.reporters.JUnitReportReporter -->
<testsuite hostname="DESKTOP-R4CIO73" failures="0" tests="1" name="TestCases.CMO_Cancel_Discharge_Setup" time="17.116" errors="0" timestamp="2021-12-07T16:32:30 EET" skipped="0">
  <testcase classname="TestCases.CMO_Cancel_Discharge_Setup" name="navigate_to_login" time="17.116"/>
  <system-out/>
</testsuite> <!-- TestCases.CMO_Cancel_Discharge_Setup -->
