<?xml version="1.0" encoding="UTF-8"?>
<!-- Generated by org.testng.reporters.JUnitReportReporter -->
<testsuite hostname="DESKTOP-41S85J5" failures="0" tests="1" name="testCases.OP_TC_169_Nurse_Switch_Language" time="5.919" errors="0" timestamp="2022-11-27T00:21:15 EET" skipped="0">
  <testcase classname="testCases.OP_TC_169_Nurse_Switch_Language" name="login" time="5.919"/>
  <system-out/>
</testsuite> <!-- testCases.OP_TC_169_Nurse_Switch_Language -->
