<?xml version="1.0" encoding="UTF-8"?>
<!-- Generated by org.testng.reporters.JUnitReportReporter -->
<testsuite hostname="DESKTOP-R4CIO73" failures="0" tests="1" name="TestCases.IP_TC_687" time="62.959" errors="0" timestamp="2022-02-23T14:52:54 EET" skipped="0">
  <testcase classname="TestCases.IP_TC_687" name="navigate_to_Nurse_View_MAR_Chart" time="62.959"/>
  <system-out/>
</testsuite> <!-- TestCases.IP_TC_687 -->
