<?xml version="1.0" encoding="UTF-8"?>
<!-- Generated by org.testng.reporters.JUnitReportReporter -->
<testsuite hostname="DESKTOP-KEC4UPH" failures="0" tests="1" name="testCases.OP_TC_240_Physician_Book_FollowUP_For_Patient" time="153.361" errors="0" timestamp="2022-11-29T13:51:29 EET" skipped="0">
  <testcase classname="testCases.OP_TC_240_Physician_Book_FollowUP_For_Patient" name="physician_submits_student_checkup" time="153.361"/>
  <system-out/>
</testsuite> <!-- testCases.OP_TC_240_Physician_Book_FollowUP_For_Patient -->
