<?xml version="1.0" encoding="UTF-8"?>
<!-- Generated by org.testng.reporters.JUnitReportReporter -->
<testsuite hostname="DESKTOP-R4CIO73" failures="0" tests="1" name="TestCases.IP_TC_409_790_877_790" time="80.377" errors="0" timestamp="2022-01-26T13:47:01 EET" skipped="0">
  <testcase classname="TestCases.IP_TC_409_790_877_790" name="navigate_to_Place_panel_order" time="80.377"/>
  <system-out/>
</testsuite> <!-- TestCases.IP_TC_409_790_877_790 -->
