<?xml version="1.0" encoding="UTF-8"?>
<!-- Generated by org.testng.reporters.JUnitReportReporter -->
<testsuite hostname="DESKTOP-41S85J5" failures="0" tests="1" name="testCases.OP_TC_060_Create_Consultation_Visit_dialysis" time="37.978" errors="0" timestamp="2022-11-07T11:33:12 EET" skipped="0">
  <testcase classname="testCases.OP_TC_060_Create_Consultation_Visit_dialysis" name="navigate_to_login" time="37.978"/>
  <system-out/>
</testsuite> <!-- testCases.OP_TC_060_Create_Consultation_Visit_dialysis -->
