<?xml version="1.0" encoding="UTF-8"?>
<!-- Generated by org.testng.reporters.JUnitReportReporter -->
<testsuite hostname="DESKTOP-41S85J5" failures="0" tests="1" name="testCases.OP_TC_47_CMO_Preview_Appointment" time="16.758" errors="0" timestamp="2022-11-20T01:56:59 EET" skipped="0">
  <testcase classname="testCases.OP_TC_47_CMO_Preview_Appointment" name="CMO_Preview_DoctorAppointment" time="16.758"/>
  <system-out/>
</testsuite> <!-- testCases.OP_TC_47_CMO_Preview_Appointment -->
