<?xml version="1.0" encoding="UTF-8"?>
<!-- Generated by org.testng.reporters.JUnitReportReporter -->
<testsuite hostname="DESKTOP-41S85J5" failures="0" tests="1" name="testCases.OP_TC_253_Physician_View_EMR" time="66.032" errors="0" timestamp="2022-11-20T05:00:43 EET" skipped="0">
  <testcase classname="testCases.OP_TC_253_Physician_View_EMR" name="view_emr" time="66.032"/>
  <system-out/>
</testsuite> <!-- testCases.OP_TC_253_Physician_View_EMR -->
