<?xml version="1.0" encoding="UTF-8"?>
<!-- Generated by org.testng.reporters.JUnitReportReporter -->
<testsuite hostname="DESKTOP-R4CIO73" failures="0" tests="1" name="TestCases.IP_TC_839" time="34.673" errors="0" timestamp="2022-02-23T16:36:42 EET" skipped="0">
  <testcase classname="TestCases.IP_TC_839" name="navigate_to_Pharmacist_Scrappes_Medicine" time="34.673"/>
  <system-out/>
</testsuite> <!-- TestCases.IP_TC_839 -->
