<?xml version="1.0" encoding="UTF-8"?>
<!-- Generated by org.testng.reporters.JUnitReportReporter -->
<testsuite hostname="DESKTOP-41S85J5" failures="0" tests="1" name="TestCases.IP_TC_007" time="10.183" errors="0" timestamp="2022-10-25T15:37:50 EET" skipped="0">
  <testcase classname="TestCases.IP_TC_007" name="CMO_navigate_to_login_EM" time="10.183"/>
  <system-out/>
</testsuite> <!-- TestCases.IP_TC_007 -->
