<?xml version="1.0" encoding="UTF-8"?>
<!-- Generated by org.testng.reporters.JUnitReportReporter -->
<testsuite hostname="DESKTOP-R4CIO73" failures="0" tests="2" name="TestCases.GroupA_02" time="74.435" errors="0" timestamp="2022-01-28T23:27:31 EET" skipped="0">
  <testcase classname="TestCases.GroupA_02" name="Nurse_Transfer_Bulk_practitioner" time="58.865"/>
  <system-out/>
  <testcase classname="TestCases.GroupA_02" name="navigate_to_Check_Ward_Occupancy" time="15.570"/>
  <system-out/>
</testsuite> <!-- TestCases.GroupA_02 -->
