<?xml version="1.0" encoding="UTF-8"?>
<!-- Generated by org.testng.reporters.JUnitReportReporter -->
<testsuite hostname="DESKTOP-41S85J5" failures="0" tests="1" name="testCases.OP_TC_066_Cancel_Visit" time="33.875" errors="0" timestamp="2022-11-20T01:24:39 EET" skipped="0">
  <testcase classname="testCases.OP_TC_066_Cancel_Visit" name="cancel_visit" time="33.875"/>
  <system-out/>
</testsuite> <!-- testCases.OP_TC_066_Cancel_Visit -->
