<?xml version="1.0" encoding="UTF-8"?>
<!-- Generated by org.testng.reporters.JUnitReportReporter -->
<testsuite hostname="DESKTOP-R4CIO73" failures="0" tests="1" name="TestCases.IP_TC_700" time="6.766" errors="0" timestamp="2022-02-23T15:49:51 EET" skipped="0">
  <testcase classname="TestCases.IP_TC_700" name="navigate_to_Nurse_Check_Dispense_Medication_UI" time="6.766"/>
  <system-out/>
</testsuite> <!-- TestCases.IP_TC_700 -->
