<?xml version="1.0" encoding="UTF-8"?>
<!-- Generated by org.testng.reporters.JUnitReportReporter -->
<testsuite hostname="DESKTOP-R4CIO73" failures="0" tests="1" name="TestCases.IP_TC_696_701" time="50.393" errors="0" timestamp="2022-02-23T15:52:54 EET" skipped="0">
  <testcase classname="TestCases.IP_TC_696_701" name="navigate_to_Nurse_Dispense_Medication" time="50.393"/>
  <system-out/>
</testsuite> <!-- TestCases.IP_TC_696_701 -->
