<?xml version="1.0" encoding="UTF-8"?>
<!-- Generated by org.testng.reporters.JUnitReportReporter -->
<testsuite hostname="DESKTOP-KEC4UPH" failures="0" tests="2" name="testCases.OP_TC_354_CMO_CheckOut_Patient" time="23.490" errors="0" timestamp="2022-11-29T01:25:13 EET" skipped="0">
  <testcase classname="testCases.OP_TC_354_CMO_CheckOut_Patient" name="user_login_success" time="3.463"/>
  <system-out/>
  <testcase classname="testCases.OP_TC_354_CMO_CheckOut_Patient" name="CMO_book_Visit_Then_Checkout" time="20.027"/>
  <system-out/>
</testsuite> <!-- testCases.OP_TC_354_CMO_CheckOut_Patient -->
