<?xml version="1.0" encoding="UTF-8"?>
<!-- Generated by org.testng.reporters.JUnitReportReporter -->
<testsuite hostname="DESKTOP-41S85J5" failures="0" tests="1" name="testCases.OP_TC_233_Submit_OPConsultationForm_Medications" time="63.815" errors="0" timestamp="2022-11-20T04:07:42 EET" skipped="0">
  <testcase classname="testCases.OP_TC_233_Submit_OPConsultationForm_Medications" name="OPConsultationForm_Medications" time="63.815"/>
  <system-out/>
</testsuite> <!-- testCases.OP_TC_233_Submit_OPConsultationForm_Medications -->
