<?xml version="1.0" encoding="UTF-8"?>
<!-- Generated by org.testng.reporters.JUnitReportReporter -->
<testsuite hostname="DESKTOP-R4CIO73" failures="0" tests="1" name="TestCases.IP_TC_685" time="52.572" errors="0" timestamp="2022-02-23T14:54:17 EET" skipped="0">
  <testcase classname="TestCases.IP_TC_685" name="navigate_to_Nurse_Record_Administer_Medication" time="52.572"/>
  <system-out/>
</testsuite> <!-- TestCases.IP_TC_685 -->
