<?xml version="1.0" encoding="UTF-8"?>
<!-- Generated by org.testng.reporters.JUnitReportReporter -->
<testsuite hostname="DESKTOP-KEC4UPH" failures="0" tests="1" name="testCases.OP_TC_179_Physician_Login_Empty_Username" time="3.276" errors="0" timestamp="2022-11-27T10:05:47 EET" skipped="0">
  <testcase classname="testCases.OP_TC_179_Physician_Login_Empty_Username" name="physician_submits_student_checkup" time="3.276"/>
  <system-out/>
</testsuite> <!-- testCases.OP_TC_179_Physician_Login_Empty_Username -->
