<?xml version="1.0" encoding="UTF-8"?>
<!-- Generated by org.testng.reporters.JUnitReportReporter -->
<testsuite hostname="DESKTOP-KEC4UPH" failures="0" tests="2" name="testCases.OP_TC_93_CMO_Cancel_Visit_Bill" time="36.517" errors="0" timestamp="2022-11-20T13:25:49 EET" skipped="0">
  <testcase classname="testCases.OP_TC_93_CMO_Cancel_Visit_Bill" name="user_login_" time="0.200"/>
  <system-out/>
  <testcase classname="testCases.OP_TC_93_CMO_Cancel_Visit_Bill" name="CMO_Cancel_Settled_Bill" time="36.317"/>
  <system-out/>
</testsuite> <!-- testCases.OP_TC_93_CMO_Cancel_Visit_Bill -->
