<?xml version="1.0" encoding="UTF-8"?>
<!-- Generated by org.testng.reporters.JUnitReportReporter -->
<testsuite hostname="DESKTOP-41S85J5" failures="0" tests="1" name="testCases.OP_TC_327_CMO_Search_by_FamilyName" time="24.076" errors="0" timestamp="2022-11-27T03:42:53 EET" skipped="0">
  <testcase classname="testCases.OP_TC_327_CMO_Search_by_FamilyName" name="search_for_patient" time="24.076"/>
  <system-out/>
</testsuite> <!-- testCases.OP_TC_327_CMO_Search_by_FamilyName -->
