<?xml version="1.0" encoding="UTF-8"?>
<!-- Generated by org.testng.reporters.JUnitReportReporter -->
<testsuite hostname="DESKTOP-41S85J5" failures="0" tests="1" name="testCases.OP_TC_328_CMO_Search_by_Gender" time="24.043" errors="0" timestamp="2022-11-27T03:32:01 EET" skipped="0">
  <testcase classname="testCases.OP_TC_328_CMO_Search_by_Gender" name="search_for_patient" time="24.043"/>
  <system-out/>
</testsuite> <!-- testCases.OP_TC_328_CMO_Search_by_Gender -->
