<?xml version="1.0" encoding="UTF-8"?>
<!-- Generated by org.testng.reporters.JUnitReportReporter -->
<testsuite hostname="DESKTOP-KEC4UPH" failures="0" tests="2" name="testCases.OP_TC_38_Book_Appointment_ByNationalID" time="32.566" errors="0" timestamp="2022-11-10T17:18:51 EET" skipped="0">
  <testcase classname="testCases.OP_TC_38_Book_Appointment_ByNationalID" name="user_login_" time="0.202"/>
  <system-out/>
  <testcase classname="testCases.OP_TC_38_Book_Appointment_ByNationalID" name="UserBookAppointmentByNationalID" time="32.364"/>
  <system-out/>
</testsuite> <!-- testCases.OP_TC_38_Book_Appointment_ByNationalID -->
