<?xml version="1.0" encoding="UTF-8"?>
<!-- Generated by org.testng.reporters.JUnitReportReporter -->
<testsuite hostname="DESKTOP-KEC4UPH" failures="0" tests="1" name="testCases.OP_TC_156_Nurse_Save_Patient_Allergies" time="65.758" errors="0" timestamp="2022-11-30T17:51:17 EET" skipped="0">
  <testcase classname="testCases.OP_TC_156_Nurse_Save_Patient_Allergies" name="patient_vitals" time="65.758"/>
  <system-out/>
</testsuite> <!-- testCases.OP_TC_156_Nurse_Save_Patient_Allergies -->
