<?xml version="1.0" encoding="UTF-8"?>
<!-- Generated by org.testng.reporters.JUnitReportReporter -->
<testsuite hostname="DESKTOP-KEC4UPH" failures="0" tests="1" name="testCases.OP_TC_179_Login_Empty_Username" time="6.250" errors="0" timestamp="2022-11-29T11:48:57 EET" skipped="0">
  <testcase classname="testCases.OP_TC_179_Login_Empty_Username" name="login_empty_username" time="6.250"/>
  <system-out/>
</testsuite> <!-- testCases.OP_TC_179_Login_Empty_Username -->
