<?xml version="1.0" encoding="UTF-8"?>
<!-- Generated by org.testng.reporters.JUnitReportReporter -->
<testsuite hostname="DESKTOP-KEC4UPH" failures="0" tests="1" name="testCases.OP_TC_124_NUR_Filter_Patient_By_Facility" time="14.368" errors="0" timestamp="2022-11-24T17:42:06 EET" skipped="0">
  <testcase classname="testCases.OP_TC_124_NUR_Filter_Patient_By_Facility" name="Nurse_Filter_Patient_ByFacility" time="14.368"/>
  <system-out/>
</testsuite> <!-- testCases.OP_TC_124_NUR_Filter_Patient_By_Facility -->
