<?xml version="1.0" encoding="UTF-8"?>
<!-- Generated by org.testng.reporters.JUnitReportReporter -->
<testsuite hostname="DESKTOP-KEC4UPH" failures="0" tests="1" name="testCases.OP_TC_244_Physician_Refer_Patient_for_external_consultation" time="122.344" errors="0" timestamp="2022-11-28T14:29:40 EET" skipped="0">
  <testcase classname="testCases.OP_TC_244_Physician_Refer_Patient_for_external_consultation" name="OPConsultationForm" time="122.344"/>
  <system-out/>
</testsuite> <!-- testCases.OP_TC_244_Physician_Refer_Patient_for_external_consultation -->
