<?xml version="1.0" encoding="UTF-8"?>
<!-- Generated by org.testng.reporters.JUnitReportReporter -->
<testsuite hostname="DESKTOP-41S85J5" failures="0" tests="1" name="testCases.OP_TC_180_Login_Empty_Password" time="6.487" errors="0" timestamp="2022-11-29T12:10:03 EET" skipped="0">
  <testcase classname="testCases.OP_TC_180_Login_Empty_Password" name="login_empty_password" time="6.487"/>
  <system-out/>
</testsuite> <!-- testCases.OP_TC_180_Login_Empty_Password -->
