<?xml version="1.0" encoding="UTF-8"?>
<!-- Generated by org.testng.reporters.JUnitReportReporter -->
<testsuite hostname="DESKTOP-KEC4UPH" failures="0" tests="1" name="TestCases.DOC_View_Recent_Order_Setup" time="0.000" errors="0" timestamp="2022-11-03T18:07:44 EET" skipped="1">
  <testcase classname="TestCases.DOC_View_Recent_Order_Setup" name="navigate_to_view_Recent_Order" time="0.000">
    <skipped/>
  </testcase> <!-- navigate_to_view_Recent_Order -->
  <system-out/>
</testsuite> <!-- TestCases.DOC_View_Recent_Order_Setup -->
