<?xml version="1.0" encoding="UTF-8"?>
<!-- Generated by org.testng.reporters.JUnitReportReporter -->
<testsuite hostname="DESKTOP-41S85J5" failures="0" tests="1" name="testCases.OP_TC_113_Nurse_View_OrdersSummary" time="17.255" errors="0" timestamp="2022-11-07T12:37:46 EET" skipped="0">
  <testcase classname="testCases.OP_TC_113_Nurse_View_OrdersSummary" name="preview_appointments" time="17.255"/>
  <system-out/>
</testsuite> <!-- testCases.OP_TC_113_Nurse_View_OrdersSummary -->
