<?xml version="1.0" encoding="UTF-8"?>
<!-- Generated by org.testng.reporters.JUnitReportReporter -->
<testsuite hostname="DESKTOP-41S85J5" failures="0" tests="1" name="testCases.OP_TC_149_Nurse_Save_PatientVitals" time="29.559" errors="0" timestamp="2022-11-07T13:30:35 EET" skipped="0">
  <testcase classname="testCases.OP_TC_149_Nurse_Save_PatientVitals" name="patient_vitals" time="29.559"/>
  <system-out/>
</testsuite> <!-- testCases.OP_TC_149_Nurse_Save_PatientVitals -->
