<?xml version="1.0" encoding="UTF-8"?>
<!-- Generated by org.testng.reporters.JUnitReportReporter -->
<testsuite hostname="DESKTOP-KEC4UPH" failures="0" tests="1" name="testCases.OP_TC_128_NUR_Filter_Patient_By_CriticalCondition" time="12.606" errors="0" timestamp="2022-11-24T18:14:08 EET" skipped="0">
  <testcase classname="testCases.OP_TC_128_NUR_Filter_Patient_By_CriticalCondition" name="Nurse_Filter_Patient_By_CriticalCondition" time="12.606"/>
  <system-out/>
</testsuite> <!-- testCases.OP_TC_128_NUR_Filter_Patient_By_CriticalCondition -->
