<?xml version="1.0" encoding="UTF-8"?>
<!-- Generated by org.testng.reporters.JUnitReportReporter -->
<testsuite hostname="DESKTOP-R4CIO73" failures="0" tests="1" name="TestCases.CMO_Block_Bed_Setup" time="19.686" errors="0" timestamp="2021-12-20T17:22:05 EET" skipped="0">
  <testcase classname="TestCases.CMO_Block_Bed_Setup" name="navigate_to_login" time="19.686"/>
  <system-out/>
</testsuite> <!-- TestCases.CMO_Block_Bed_Setup -->
