<?xml version="1.0" encoding="UTF-8"?>
<!-- Generated by org.testng.reporters.JUnitReportReporter -->
<testsuite hostname="DESKTOP-R4CIO73" failures="0" tests="1" name="TestCases.IP_TC_836" time="23.771" errors="0" timestamp="2022-02-23T15:53:45 EET" skipped="0">
  <testcase classname="TestCases.IP_TC_836" name="navigate_to_Stock_Item_Consumption" time="23.771"/>
  <system-out/>
</testsuite> <!-- TestCases.IP_TC_836 -->
