<?xml version="1.0" encoding="UTF-8"?>
<!-- Generated by org.testng.reporters.JUnitReportReporter -->
<testsuite hostname="DESKTOP-41S85J5" failures="0" tests="1" name="testCases.OP_TC_166_Nurse_ChangePassword" time="78.043" errors="0" timestamp="2022-11-27T01:09:50 EET" skipped="0">
  <testcase classname="testCases.OP_TC_166_Nurse_ChangePassword" name="change_pass" time="78.043"/>
  <system-out/>
</testsuite> <!-- testCases.OP_TC_166_Nurse_ChangePassword -->
