<?xml version="1.0" encoding="UTF-8"?>
<!-- Generated by org.testng.reporters.JUnitReportReporter -->
<testsuite hostname="DESKTOP-R4CIO73" failures="0" tests="1" name="TestCases.IP_TC_725_726_727_728_729_730_755" time="74.904" errors="0" timestamp="2022-01-18T13:46:21 EET" skipped="0">
  <testcase classname="TestCases.IP_TC_725_726_727_728_729_730_755" name="navigate_to_OP_consultation_form" time="74.904"/>
  <system-out/>
</testsuite> <!-- TestCases.IP_TC_725_726_727_728_729_730_755 -->
