<?xml version="1.0" encoding="UTF-8"?>
<!-- Generated by org.testng.reporters.JUnitReportReporter -->
<testsuite hostname="DESKTOP-R4CIO73" failures="0" tests="1" name="TestCases.IP_TC_838" time="63.143" errors="0" timestamp="2022-02-23T16:39:22 EET" skipped="0">
  <testcase classname="TestCases.IP_TC_838" name="navigate_to_Pharmacist_Issues_Return_Across_Facilities" time="63.143"/>
  <system-out/>
</testsuite> <!-- TestCases.IP_TC_838 -->
