<?xml version="1.0" encoding="UTF-8"?>
<!-- Generated by org.testng.reporters.JUnitReportReporter -->
<testsuite hostname="DESKTOP-41S85J5" failures="0" tests="1" name="TestCases.TC_OP001_login_valid" time="0.561" errors="0" timestamp="2022-11-03T15:00:26 EET" skipped="0">
  <testcase classname="TestCases.TC_OP001_login_valid" name="user_login_success" time="0.561"/>
  <system-out/>
</testsuite> <!-- TestCases.TC_OP001_login_valid -->
