<?xml version="1.0" encoding="UTF-8"?>
<!-- Generated by org.testng.reporters.JUnitReportReporter -->
<testsuite hostname="DESKTOP-R4CIO73" failures="0" tests="1" name="TestCases.IP_TC_693" time="44.694" errors="0" timestamp="2022-01-18T16:57:09 EET" skipped="0">
  <testcase classname="TestCases.IP_TC_693" name="navigate_to_Place_Lab_Order" time="44.694"/>
  <system-out/>
</testsuite> <!-- TestCases.IP_TC_693 -->
