<?xml version="1.0" encoding="UTF-8"?>
<!-- Generated by org.testng.reporters.JUnitReportReporter -->
<testsuite hostname="DESKTOP-41S85J5" failures="0" tests="1" name="testCases.OP_TC_148_Nurse_Preview_PatientVitals" time="30.388" errors="0" timestamp="2022-11-07T19:05:57 EET" skipped="0">
  <testcase classname="testCases.OP_TC_148_Nurse_Preview_PatientVitals" name="patient_vitals" time="30.388"/>
  <system-out/>
</testsuite> <!-- testCases.OP_TC_148_Nurse_Preview_PatientVitals -->
