<?xml version="1.0" encoding="UTF-8"?>
<!-- Generated by org.testng.reporters.JUnitReportReporter -->
<testsuite hostname="DESKTOP-KEC4UPH" failures="0" tests="2" name="testCases.OP_TC_89_CMO_Preview_Unsettled_Bills" time="25.003" errors="0" timestamp="2022-11-24T10:04:37 EET" skipped="0">
  <testcase classname="testCases.OP_TC_89_CMO_Preview_Unsettled_Bills" name="user_login_" time="0.192"/>
  <system-out/>
  <testcase classname="testCases.OP_TC_89_CMO_Preview_Unsettled_Bills" name="User_Generate_Visit_Bill" time="24.811"/>
  <system-out/>
</testsuite> <!-- testCases.OP_TC_89_CMO_Preview_Unsettled_Bills -->
