<?xml version="1.0" encoding="UTF-8"?>
<!-- Generated by org.testng.reporters.JUnitReportReporter -->
<testsuite hostname="DESKTOP-41S85J5" failures="0" tests="1" name="testCases.OP_TC_324_CMO_Search_by_ID" time="20.688" errors="0" timestamp="2022-11-27T03:57:21 EET" skipped="0">
  <testcase classname="testCases.OP_TC_324_CMO_Search_by_ID" name="search_for_patient" time="20.688"/>
  <system-out/>
</testsuite> <!-- testCases.OP_TC_324_CMO_Search_by_ID -->
