<?xml version="1.0" encoding="UTF-8"?>
<!-- Generated by org.testng.reporters.JUnitReportReporter -->
<testsuite hostname="DESKTOP-41S85J5" failures="0" tests="1" name="testCases.OP_TC_260_Physician_View_EMR" time="71.035" errors="0" timestamp="2022-11-27T02:10:51 EET" skipped="0">
  <testcase classname="testCases.OP_TC_260_Physician_View_EMR" name="view_emr" time="71.035"/>
  <system-out/>
</testsuite> <!-- testCases.OP_TC_260_Physician_View_EMR -->
