<?xml version="1.0" encoding="UTF-8"?>
<!-- Generated by org.testng.reporters.JUnitReportReporter -->
<testsuite hostname="DESKTOP-41S85J5" failures="0" tests="1" name="testCases.OP_TC_29_Register_patient" time="28.984" errors="0" timestamp="2022-11-10T17:37:51 EET" skipped="0">
  <testcase classname="testCases.OP_TC_29_Register_patient" name="user_login_success" time="28.984"/>
  <system-out/>
</testsuite> <!-- testCases.OP_TC_29_Register_patient -->
