<?xml version="1.0" encoding="UTF-8"?>
<!-- Generated by org.testng.reporters.JUnitReportReporter -->
<testsuite hostname="DESKTOP-KEC4UPH" failures="0" tests="1" name="testCases.OP_TC_154_Nurse_Submit_Patient_Allergies" time="67.162" errors="0" timestamp="2022-11-30T17:40:57 EET" skipped="0">
  <testcase classname="testCases.OP_TC_154_Nurse_Submit_Patient_Allergies" name="patient_vitals" time="67.162"/>
  <system-out/>
</testsuite> <!-- testCases.OP_TC_154_Nurse_Submit_Patient_Allergies -->
