<?xml version="1.0" encoding="UTF-8"?>
<!-- Generated by org.testng.reporters.JUnitReportReporter -->
<testsuite hostname="DESKTOP-41S85J5" failures="0" tests="1" name="testCases.OP_TC_329_CMO_Search_by_Gender_Female" time="23.855" errors="0" timestamp="2022-11-27T04:00:50 EET" skipped="0">
  <testcase classname="testCases.OP_TC_329_CMO_Search_by_Gender_Female" name="search_for_patient" time="23.855"/>
  <system-out/>
</testsuite> <!-- testCases.OP_TC_329_CMO_Search_by_Gender_Female -->
