<?xml version="1.0" encoding="UTF-8"?>
<!-- Generated by org.testng.reporters.JUnitReportReporter -->
<testsuite hostname="DESKTOP-41S85J5" failures="0" tests="1" name="testCases.OP_TC_107_Nurse_Login" time="0.431" errors="0" timestamp="2022-11-07T11:39:04 EET" skipped="0">
  <testcase classname="testCases.OP_TC_107_Nurse_Login" name="user_login_success" time="0.431"/>
  <system-out/>
</testsuite> <!-- testCases.OP_TC_107_Nurse_Login -->
