<?xml version="1.0" encoding="UTF-8"?>
<!-- Generated by org.testng.reporters.JUnitReportReporter -->
<testsuite hostname="DESKTOP-KEC4UPH" failures="0" tests="2" name="testCases.OP_TC_68_CMO_Generate_Visit_Bill" time="30.097" errors="0" timestamp="2022-11-15T14:45:14 EET" skipped="0">
  <testcase classname="testCases.OP_TC_68_CMO_Generate_Visit_Bill" name="user_login_" time="0.397"/>
  <system-out/>
  <testcase classname="testCases.OP_TC_68_CMO_Generate_Visit_Bill" name="UserBookAppointmentByNationalID" time="29.700"/>
  <system-out/>
</testsuite> <!-- testCases.OP_TC_68_CMO_Generate_Visit_Bill -->
