<?xml version="1.0" encoding="UTF-8"?>
<!-- Generated by org.testng.reporters.JUnitReportReporter -->
<testsuite hostname="DESKTOP-KEC4UPH" failures="0" tests="1" name="testCases.OP_TC_171_Nurse_Submit_During_Dialysis_Form" time="76.736" errors="0" timestamp="2022-12-01T16:02:16 EET" skipped="0">
  <testcase classname="testCases.OP_TC_171_Nurse_Submit_During_Dialysis_Form" name="patient_vitals" time="76.736"/>
  <system-out/>
</testsuite> <!-- testCases.OP_TC_171_Nurse_Submit_During_Dialysis_Form -->
