<?xml version="1.0" encoding="UTF-8"?>
<!-- Generated by org.testng.reporters.JUnitReportReporter -->
<testsuite hostname="DESKTOP-KEC4UPH" failures="0" tests="1" name="testCases.OP_TC_21_CMO_Register_patient_Arabic_Language" time="27.747" errors="0" timestamp="2022-11-27T10:16:57 EET" skipped="0">
  <testcase classname="testCases.OP_TC_21_CMO_Register_patient_Arabic_Language" name="user_login_success" time="27.747"/>
  <system-out/>
</testsuite> <!-- testCases.OP_TC_21_CMO_Register_patient_Arabic_Language -->
