<?xml version="1.0" encoding="UTF-8"?>
<!-- Generated by org.testng.reporters.JUnitReportReporter -->
<testsuite hostname="DESKTOP-R4CIO73" failures="0" tests="1" name="TestCases.CMO_View_Bed_Availability_Setup" time="25.886" errors="0" timestamp="2021-12-20T11:31:53 EET" skipped="0">
  <testcase classname="TestCases.CMO_View_Bed_Availability_Setup" name="navigate_to_login" time="25.886"/>
  <system-out/>
</testsuite> <!-- TestCases.CMO_View_Bed_Availability_Setup -->
