<?xml version="1.0" encoding="UTF-8"?>
<!-- Generated by org.testng.reporters.JUnitReportReporter -->
<testsuite hostname="DESKTOP-R4CIO73" failures="0" tests="1" name="TestCases.ACC_Add_Separate_Service_Setup" time="46.582" errors="0" timestamp="2021-12-27T17:40:33 EET" skipped="0">
  <testcase classname="TestCases.ACC_Add_Separate_Service_Setup" name="navigate_to_login" time="46.582"/>
  <system-out/>
</testsuite> <!-- TestCases.ACC_Add_Separate_Service_Setup -->
