<?xml version="1.0" encoding="UTF-8"?>
<!-- Generated by org.testng.reporters.JUnitReportReporter -->
<testsuite hostname="DESKTOP-41S85J5" failures="0" tests="1" name="testCases.OP_TC_112_Nurse_View_PatientsList" time="0.469" errors="0" timestamp="2022-11-07T11:51:07 EET" skipped="0">
  <testcase classname="testCases.OP_TC_112_Nurse_View_PatientsList" name="preview_appointments" time="0.469"/>
  <system-out/>
</testsuite> <!-- testCases.OP_TC_112_Nurse_View_PatientsList -->
